<?xml version="1.0" encoding="UTF-8"?>
<testsuite xmlns:xsi="http://www.w3.org/2001/XMLSchema-instance" xsi:noNamespaceSchemaLocation="https://maven.apache.org/surefire/maven-surefire-plugin/xsd/surefire-test-report-3.0.xsd" version="3.0" name="com.company.attendance.TeamHierarchyTest" time="17.846" tests="1" errors="0" skipped="0" failures="0">
  <properties>
[...]
</properties>
  <testcase name="testTeamHierarchyFields" classname="com.company.attendance.TeamHierarchyTest" time="1.295">
    <system-out><![CDATA[18:57:48.041 [main] INFO org.springframework.test.context.support.AnnotationConfigContextLoaderUtils -- Could not detect default configuration classes for test class [com.company.attendance.TeamHierarchyTest]: TeamHierarchyTest does not declare any static, non-private, non-final, nested classes annotated with @Configuration.
18:57:48.290 [main] INFO org.springframework.boot.test.context.SpringBootTestContextBootstrapper -- Found @SpringBootConfiguration com.company.attendance.AttendanceApplication for test class com.company.attendance.TeamHierarchyTest

  .   ____          _            __ _ _
 /\\ / ___'_ __ _ _(_)_ __  __ _ \ \ \ \
( ( )\___ | '_ | '_| | '_ \/ _` | \ \ \ \
 \\/  ___)| |_)| | | | | || (_| |  ) ) ) )
  '  |____| .__|_| |_|_| |_\__, | / / / /
 =========|_|==============|___/=/_/_/_/
 :: Spring Boot ::                (v3.2.4)

2026-01-03T18:57:49.184+05:30  INFO 25080 --- [           main] c.company.attendance.TeamHierarchyTest   : Starting TeamHierarchyTest using Java 17.0.15 with PID 25080 (started by hp in D:\_WTL Projects\Yash ERP\Yash_Enterprises_ERP_Backend_30-12-25-)
2026-01-03T18:57:49.191+05:30  INFO 25080 --- [           main] c.company.attendance.TeamHierarchyTest   : No active profile set, falling back to 1 default profile: "default"
2026-01-03T18:57:51.451+05:30  INFO 25080 --- [           main] .s.d.r.c.RepositoryConfigurationDelegate : Bootstrapping Spring Data JPA repositories in DEFAULT mode.
2026-01-03T18:57:51.789+05:30  INFO 25080 --- [           main] .s.d.r.c.RepositoryConfigurationDelegate : Finished Spring Data repository scanning in 307 ms. Found 27 JPA repository interfaces.
2026-01-03T18:57:53.036+05:30  INFO 25080 --- [           main] o.hibernate.jpa.internal.util.LogHelper  : HHH000204: Processing PersistenceUnitInfo [name: default]
2026-01-03T18:57:53.213+05:30  INFO 25080 --- [           main] org.hibernate.Version                    : HHH000412: Hibernate ORM core version 6.4.4.Final
2026-01-03T18:57:53.327+05:30  INFO 25080 --- [           main] o.h.c.internal.RegionFactoryInitiator    : HHH000026: Second-level cache disabled
2026-01-03T18:57:54.101+05:30  INFO 25080 --- [           main] o.s.o.j.p.SpringPersistenceUnitInfo      : No LoadTimeWeaver setup: ignoring JPA class transformer
2026-01-03T18:57:54.174+05:30  INFO 25080 --- [           main] com.zaxxer.hikari.HikariDataSource       : SpringBootHikariCP - Starting...
2026-01-03T18:57:54.598+05:30  INFO 25080 --- [           main] com.zaxxer.hikari.pool.HikariPool        : SpringBootHikariCP - Added connection com.mysql.cj.jdbc.ConnectionImpl@7ac685ef
2026-01-03T18:57:54.601+05:30  INFO 25080 --- [           main] com.zaxxer.hikari.HikariDataSource       : SpringBootHikariCP - Start completed.
2026-01-03T18:57:54.720+05:30  WARN 25080 --- [           main] org.hibernate.dialect.Dialect            : HHH000511: The 5.5.0 version for [org.hibernate.dialect.MySQLDialect] is no longer supported, hence certain features may not work properly. The minimum supported version is 8.0.0. Check the community dialects project for available legacy versions.
2026-01-03T18:57:57.929+05:30  INFO 25080 --- [           main] o.h.e.t.j.p.i.JtaPlatformInitiator       : HHH000489: No JTA platform available (set 'hibernate.transaction.jta.platform' to enable JTA platform integration)
2026-01-03T18:57:58.413+05:30  INFO 25080 --- [           main] j.LocalContainerEntityManagerFactoryBean : Initialized JPA EntityManagerFactory for persistence unit 'default'
2026-01-03T18:57:59.179+05:30  INFO 25080 --- [           main] o.s.d.j.r.query.QueryEnhancerFactory     : Hibernate is in classpath; If applicable, HQL parser will be used.
2026-01-03T18:58:01.990+05:30  WARN 25080 --- [           main] JpaBaseConfiguration$JpaWebConfiguration : spring.jpa.open-in-view is enabled by default. Therefore, database queries may be performed during view rendering. Explicitly configure spring.jpa.open-in-view to disable this warning
2026-01-03T18:58:02.043+05:30  WARN 25080 --- [           main] .s.s.UserDetailsServiceAutoConfiguration : 

Using generated security password: 3466c387-b835-48fa-b340-27be455728b4

This generated password is for development use only. Your security configuration must be updated before running your application in production.

2026-01-03T18:58:03.008+05:30  INFO 25080 --- [           main] o.s.s.web.DefaultSecurityFilterChain     : Will secure any request with [org.springframework.security.web.session.DisableEncodeUrlFilter@5743cf1c, org.springframework.security.web.context.request.async.WebAsyncManagerIntegrationFilter@6f889214, org.springframework.security.web.context.SecurityContextHolderFilter@328cc3ee, org.springframework.security.web.header.HeaderWriterFilter@3beebe0f, org.springframework.web.filter.CorsFilter@2c0a3798, org.springframework.security.web.authentication.logout.LogoutFilter@338e98f8, org.springframework.security.web.savedrequest.RequestCacheAwareFilter@344c2157, org.springframework.security.web.servletapi.SecurityContextHolderAwareRequestFilter@3349d202, org.springframework.security.web.authentication.AnonymousAuthenticationFilter@16013989, org.springframework.security.web.access.ExceptionTranslationFilter@358283d9, org.springframework.security.web.access.intercept.AuthorizationFilter@30511454]
2026-01-03T18:58:04.125+05:30  INFO 25080 --- [           main] o.s.m.s.b.SimpleBrokerMessageHandler     : Starting...
2026-01-03T18:58:04.130+05:30  INFO 25080 --- [           main] o.s.m.s.b.SimpleBrokerMessageHandler     : BrokerAvailabilityEvent[available=true, SimpleBrokerMessageHandler [org.springframework.messaging.simp.broker.DefaultSubscriptionRegistry@6e2b679e]]
2026-01-03T18:58:04.133+05:30  INFO 25080 --- [           main] o.s.m.s.b.SimpleBrokerMessageHandler     : Started.
2026-01-03T18:58:04.151+05:30  INFO 25080 --- [           main] c.company.attendance.TeamHierarchyTest   : Started TeamHierarchyTest in 15.531 seconds (process running for 17.708)
2026-01-03T18:58:05.421+05:30 DEBUG 25080 --- [           main] org.hibernate.SQL                        : 
    insert 
    into
        teams
        (address, city, description, is_active, name, organization_id, parent_team_id, pincode, state, team_lead_id) 
    values
        (?, ?, ?, ?, ?, ?, ?, ?, ?, ?)
Hibernate: 
    insert 
    into
        teams
        (address, city, description, is_active, name, organization_id, parent_team_id, pincode, state, team_lead_id) 
    values
        (?, ?, ?, ?, ?, ?, ?, ?, ?, ?)
Team ID: 5
Team Name: Test Team
2026-01-03T18:58:05.447+05:30 DEBUG 25080 --- [           main] org.hibernate.SQL                        : 
    insert 
    into
        teams
        (address, city, description, is_active, name, organization_id, parent_team_id, pincode, state, team_lead_id) 
    values
        (?, ?, ?, ?, ?, ?, ?, ?, ?, ?)
Hibernate: 
    insert 
    into
        teams
        (address, city, description, is_active, name, organization_id, parent_team_id, pincode, state, team_lead_id) 
    values
        (?, ?, ?, ?, ?, ?, ?, ?, ?, ?)
Parent Team ID: 6
Parent Team Name: Parent Team
]]></system-out>
  </testcase>
</testsuite>